Copyright 1986-2022 Xilinx, Inc. All Rights Reserved. Copyright 2022-2024 Advanced Micro Devices, Inc. All Rights Reserved.
---------------------------------------------------------------------------------------------------------------------------------------------
| Tool Version : Vivado v.2024.1 (win64) Build 5076996 Wed May 22 18:37:14 MDT 2024
| Date         : Thu Nov 27 19:07:02 2025
| Host         : sh1201 running 64-bit major release  (build 9200)
| Command      : report_control_sets -verbose -file safe_top_control_sets_placed.rpt
| Design       : safe_top
| Device       : xc7a35ti
---------------------------------------------------------------------------------------------------------------------------------------------

Control Set Information

Table of Contents
-----------------
1. Summary
2. Histogram
3. Flip-Flop Distribution
4. Detailed Control Set Information

1. Summary
----------

+----------------------------------------------------------+-------+
|                          Status                          | Count |
+----------------------------------------------------------+-------+
| Total control sets                                       |     9 |
|    Minimum number of control sets                        |     9 |
|    Addition due to synthesis replication                 |     0 |
|    Addition due to physical synthesis replication        |     0 |
| Unused register locations in slices containing registers |    36 |
+----------------------------------------------------------+-------+
* Control sets can be merged at opt_design using control_set_merge or merge_equivalent_drivers
** Run report_qor_suggestions for automated merging and remapping suggestions


2. Histogram
------------

+--------------------+-------+
|       Fanout       | Count |
+--------------------+-------+
| Total control sets |     9 |
| >= 0 to < 4        |     1 |
| >= 4 to < 6        |     6 |
| >= 6 to < 8        |     0 |
| >= 8 to < 10       |     0 |
| >= 10 to < 12      |     0 |
| >= 12 to < 14      |     0 |
| >= 14 to < 16      |     0 |
| >= 16              |     2 |
+--------------------+-------+
* Control sets can be remapped at either synth_design or opt_design


3. Flip-Flop Distribution
-------------------------

+--------------+-----------------------+------------------------+-----------------+--------------+
| Clock Enable | Synchronous Set/Reset | Asynchronous Set/Reset | Total Registers | Total Slices |
+--------------+-----------------------+------------------------+-----------------+--------------+
| No           | No                    | No                     |              22 |            7 |
| No           | No                    | Yes                    |              54 |           15 |
| No           | Yes                   | No                     |              20 |            6 |
| Yes          | No                    | No                     |               4 |            4 |
| Yes          | No                    | Yes                    |               0 |            0 |
| Yes          | Yes                   | No                     |               0 |            0 |
+--------------+-----------------------+------------------------+-----------------+--------------+


4. Detailed Control Set Information
-----------------------------------

+----------------------------------------+--------------------------------+----------------------------------+------------------+----------------+--------------+
|              Clock Signal              |          Enable Signal         |         Set/Reset Signal         | Slice Load Count | Bel Load Count | Bels / Slice |
+----------------------------------------+--------------------------------+----------------------------------+------------------+----------------+--------------+
|  U1_PmodKYPD/DEC/DecodeOut_reg[0]_0[0] |                                |                                  |                1 |              2 |         2.00 |
|  clk_IBUF_BUFG                         |                                |                                  |                2 |              4 |         2.00 |
|  clk_IBUF_BUFG                         | U1_PmodKYPD/DEC/Col[3]_i_1_n_0 |                                  |                4 |              4 |         1.00 |
|  U1_PmodKYPD/DEC/E[0]                  |                                |                                  |                1 |              4 |         4.00 |
|  U1_PmodKYPD/DEC/DecodeOut_reg[1]_0[0] |                                |                                  |                1 |              4 |         4.00 |
|  U1_PmodKYPD/DEC/DecodeOut_reg[1]_1[0] |                                |                                  |                1 |              4 |         4.00 |
|  U1_PmodKYPD/DEC/DecodeOut_reg[1]_2[0] |                                |                                  |                1 |              4 |         4.00 |
|  clk_IBUF_BUFG                         |                                | U1_PmodKYPD/DEC/sclk[19]_i_1_n_0 |                6 |             20 |         3.33 |
|  clk_IBUF_BUFG                         |                                | reset_IBUF                       |               15 |             54 |         3.60 |
+----------------------------------------+--------------------------------+----------------------------------+------------------+----------------+--------------+


